{"name":"hexo","hostname":"WH-chonghuw-01","pid":204308,"level":20,"msg":"Hexo version: \u001b[35m3.4.4\u001b[39m","time":"2018-01-12T08:24:05.136Z","v":0}
{"name":"hexo","hostname":"WH-chonghuw-01","pid":204308,"level":20,"msg":"Working directory: \u001b[35md:\\Users\\chonghuwang\\blog\\\u001b[39m","time":"2018-01-12T08:24:05.139Z","v":0}
{"name":"hexo","hostname":"WH-chonghuw-01","pid":204308,"level":20,"msg":"Config loaded: \u001b[35md:\\Users\\chonghuwang\\blog\\_config.yml\u001b[39m","time":"2018-01-12T08:24:05.232Z","v":0}
{"name":"hexo","hostname":"WH-chonghuw-01","pid":204308,"level":20,"msg":"Plugin loaded: \u001b[35mhexo-generator-index\u001b[39m","time":"2018-01-12T08:24:05.243Z","v":0}
{"name":"hexo","hostname":"WH-chonghuw-01","pid":204308,"level":20,"msg":"Plugin loaded: \u001b[35mhexo-generator-archive\u001b[39m","time":"2018-01-12T08:24:05.246Z","v":0}
{"name":"hexo","hostname":"WH-chonghuw-01","pid":204308,"level":20,"msg":"Plugin loaded: \u001b[35mhexo-generator-category\u001b[39m","time":"2018-01-12T08:24:05.249Z","v":0}
{"name":"hexo","hostname":"WH-chonghuw-01","pid":204308,"level":20,"msg":"Plugin loaded: \u001b[35mhexo-generator-tag\u001b[39m","time":"2018-01-12T08:24:05.252Z","v":0}
{"name":"hexo","hostname":"WH-chonghuw-01","pid":204308,"level":20,"msg":"Plugin loaded: \u001b[35mhexo-renderer-ejs\u001b[39m","time":"2018-01-12T08:24:05.255Z","v":0}
{"name":"hexo","hostname":"WH-chonghuw-01","pid":204308,"level":20,"msg":"Plugin loaded: \u001b[35mhexo-renderer-marked\u001b[39m","time":"2018-01-12T08:24:05.264Z","v":0}
{"name":"hexo","hostname":"WH-chonghuw-01","pid":204308,"level":20,"msg":"Plugin loaded: \u001b[35mhexo-renderer-stylus\u001b[39m","time":"2018-01-12T08:24:05.268Z","v":0}
{"name":"hexo","hostname":"WH-chonghuw-01","pid":204308,"level":20,"msg":"Plugin loaded: \u001b[35mhexo-server\u001b[39m","time":"2018-01-12T08:24:05.325Z","v":0}
{"name":"hexo","hostname":"WH-chonghuw-01","pid":204308,"level":20,"msg":"Script loaded: \u001b[35mthemes\\next\\scripts\\merge-configs.js\u001b[39m","time":"2018-01-12T08:24:05.335Z","v":0}
{"name":"hexo","hostname":"WH-chonghuw-01","pid":204308,"level":20,"msg":"Script loaded: \u001b[35mthemes\\next\\scripts\\tags\\button.js\u001b[39m","time":"2018-01-12T08:24:05.337Z","v":0}
{"name":"hexo","hostname":"WH-chonghuw-01","pid":204308,"level":20,"msg":"Script loaded: \u001b[35mthemes\\next\\scripts\\merge.js\u001b[39m","time":"2018-01-12T08:24:05.340Z","v":0}
{"name":"hexo","hostname":"WH-chonghuw-01","pid":204308,"level":20,"msg":"Script loaded: \u001b[35mthemes\\next\\scripts\\tags\\exturl.js\u001b[39m","time":"2018-01-12T08:24:05.342Z","v":0}
{"name":"hexo","hostname":"WH-chonghuw-01","pid":204308,"level":20,"msg":"Script loaded: \u001b[35mthemes\\next\\scripts\\tags\\center-quote.js\u001b[39m","time":"2018-01-12T08:24:05.343Z","v":0}
{"name":"hexo","hostname":"WH-chonghuw-01","pid":204308,"level":20,"msg":"Script loaded: \u001b[35mthemes\\next\\scripts\\tags\\full-image.js\u001b[39m","time":"2018-01-12T08:24:05.344Z","v":0}
{"name":"hexo","hostname":"WH-chonghuw-01","pid":204308,"level":20,"msg":"Script loaded: \u001b[35mthemes\\next\\scripts\\tags\\group-pictures.js\u001b[39m","time":"2018-01-12T08:24:05.346Z","v":0}
{"name":"hexo","hostname":"WH-chonghuw-01","pid":204308,"level":20,"msg":"Script loaded: \u001b[35mthemes\\next\\scripts\\tags\\label.js\u001b[39m","time":"2018-01-12T08:24:05.347Z","v":0}
{"name":"hexo","hostname":"WH-chonghuw-01","pid":204308,"level":20,"msg":"Script loaded: \u001b[35mthemes\\next\\scripts\\tags\\lazy-image.js\u001b[39m","time":"2018-01-12T08:24:05.348Z","v":0}
{"name":"hexo","hostname":"WH-chonghuw-01","pid":204308,"level":20,"msg":"Script loaded: \u001b[35mthemes\\next\\scripts\\tags\\note.js\u001b[39m","time":"2018-01-12T08:24:05.349Z","v":0}
{"name":"hexo","hostname":"WH-chonghuw-01","pid":204308,"level":20,"msg":"Script loaded: \u001b[35mthemes\\next\\scripts\\tags\\tabs.js\u001b[39m","time":"2018-01-12T08:24:05.350Z","v":0}
{"name":"hexo","hostname":"WH-chonghuw-01","pid":204308,"level":20,"msg":"Database saved","time":"2018-01-12T08:24:05.355Z","v":0}
{"name":"hexo","hostname":"WH-chonghuw-01","pid":209196,"level":20,"msg":"Hexo version: \u001b[35m3.4.4\u001b[39m","time":"2018-01-12T08:37:09.778Z","v":0}
{"name":"hexo","hostname":"WH-chonghuw-01","pid":209196,"level":20,"msg":"Working directory: \u001b[35md:\\Users\\chonghuwang\\blog\\\u001b[39m","time":"2018-01-12T08:37:09.782Z","v":0}
{"name":"hexo","hostname":"WH-chonghuw-01","pid":209196,"level":20,"msg":"Config loaded: \u001b[35md:\\Users\\chonghuwang\\blog\\_config.yml\u001b[39m","time":"2018-01-12T08:37:09.877Z","v":0}
{"name":"hexo","hostname":"WH-chonghuw-01","pid":209196,"level":20,"msg":"Plugin loaded: \u001b[35mhexo-generator-archive\u001b[39m","time":"2018-01-12T08:37:09.887Z","v":0}
{"name":"hexo","hostname":"WH-chonghuw-01","pid":209196,"level":20,"msg":"Plugin loaded: \u001b[35mhexo-generator-index\u001b[39m","time":"2018-01-12T08:37:09.890Z","v":0}
{"name":"hexo","hostname":"WH-chonghuw-01","pid":209196,"level":20,"msg":"Plugin loaded: \u001b[35mhexo-generator-tag\u001b[39m","time":"2018-01-12T08:37:09.892Z","v":0}
{"name":"hexo","hostname":"WH-chonghuw-01","pid":209196,"level":20,"msg":"Plugin loaded: \u001b[35mhexo-generator-category\u001b[39m","time":"2018-01-12T08:37:09.894Z","v":0}
{"name":"hexo","hostname":"WH-chonghuw-01","pid":209196,"level":20,"msg":"Plugin loaded: \u001b[35mhexo-renderer-stylus\u001b[39m","time":"2018-01-12T08:37:09.896Z","v":0}
{"name":"hexo","hostname":"WH-chonghuw-01","pid":209196,"level":20,"msg":"Plugin loaded: \u001b[35mhexo-renderer-ejs\u001b[39m","time":"2018-01-12T08:37:09.900Z","v":0}
{"name":"hexo","hostname":"WH-chonghuw-01","pid":209196,"level":20,"msg":"Plugin loaded: \u001b[35mhexo-renderer-marked\u001b[39m","time":"2018-01-12T08:37:09.909Z","v":0}
{"name":"hexo","hostname":"WH-chonghuw-01","pid":209196,"level":20,"msg":"Plugin loaded: \u001b[35mhexo-server\u001b[39m","time":"2018-01-12T08:37:09.964Z","v":0}
{"name":"hexo","hostname":"WH-chonghuw-01","pid":209196,"level":20,"msg":"Script loaded: \u001b[35mthemes\\next\\scripts\\merge-configs.js\u001b[39m","time":"2018-01-12T08:37:09.974Z","v":0}
{"name":"hexo","hostname":"WH-chonghuw-01","pid":209196,"level":20,"msg":"Script loaded: \u001b[35mthemes\\next\\scripts\\tags\\center-quote.js\u001b[39m","time":"2018-01-12T08:37:09.975Z","v":0}
{"name":"hexo","hostname":"WH-chonghuw-01","pid":209196,"level":20,"msg":"Script loaded: \u001b[35mthemes\\next\\scripts\\tags\\exturl.js\u001b[39m","time":"2018-01-12T08:37:09.976Z","v":0}
{"name":"hexo","hostname":"WH-chonghuw-01","pid":209196,"level":20,"msg":"Script loaded: \u001b[35mthemes\\next\\scripts\\tags\\full-image.js\u001b[39m","time":"2018-01-12T08:37:09.977Z","v":0}
{"name":"hexo","hostname":"WH-chonghuw-01","pid":209196,"level":20,"msg":"Script loaded: \u001b[35mthemes\\next\\scripts\\merge.js\u001b[39m","time":"2018-01-12T08:37:09.979Z","v":0}
{"name":"hexo","hostname":"WH-chonghuw-01","pid":209196,"level":20,"msg":"Script loaded: \u001b[35mthemes\\next\\scripts\\tags\\group-pictures.js\u001b[39m","time":"2018-01-12T08:37:09.981Z","v":0}
{"name":"hexo","hostname":"WH-chonghuw-01","pid":209196,"level":20,"msg":"Script loaded: \u001b[35mthemes\\next\\scripts\\tags\\label.js\u001b[39m","time":"2018-01-12T08:37:09.982Z","v":0}
{"name":"hexo","hostname":"WH-chonghuw-01","pid":209196,"level":20,"msg":"Script loaded: \u001b[35mthemes\\next\\scripts\\tags\\lazy-image.js\u001b[39m","time":"2018-01-12T08:37:09.982Z","v":0}
{"name":"hexo","hostname":"WH-chonghuw-01","pid":209196,"level":20,"msg":"Script loaded: \u001b[35mthemes\\next\\scripts\\tags\\note.js\u001b[39m","time":"2018-01-12T08:37:09.983Z","v":0}
{"name":"hexo","hostname":"WH-chonghuw-01","pid":209196,"level":20,"msg":"Script loaded: \u001b[35mthemes\\next\\scripts\\tags\\tabs.js\u001b[39m","time":"2018-01-12T08:37:09.984Z","v":0}
{"name":"hexo","hostname":"WH-chonghuw-01","pid":209196,"level":20,"msg":"Script loaded: \u001b[35mthemes\\next\\scripts\\tags\\button.js\u001b[39m","time":"2018-01-12T08:37:09.985Z","v":0}
{"name":"hexo","hostname":"WH-chonghuw-01","pid":209196,"level":20,"msg":"Database saved","time":"2018-01-12T08:37:09.989Z","v":0}
